<?xml version="1.0" encoding="UTF-8"?>
<testsuite xmlns:xsi="http://www.w3.org/2001/XMLSchema-instance" xsi:schemaLocation="https://maven.apache.org/surefire/maven-surefire-plugin/xsd/surefire-test-report.xsd" name="CucumberRunner" time="72.432" tests="20" errors="0" skipped="3" failures="2">
  <properties>
[...]
</properties>
  <testcase name="* загружена страница &quot;MainPage&quot;" classname="Сценарий: Расчет ипотеки" time="0.002"/>
  <testcase name="* подтвержден регион" classname="Сценарий: Расчет ипотеки" time="0"/>
  <testcase name="* выбран пункт меню &quot;Ипотека&quot;" classname="Сценарий: Расчет ипотеки" time="0"/>
  <testcase name="* выбран подпункт меню &quot;Ипотечный калькулятор&quot;" classname="Сценарий: Расчет ипотеки" time="0"/>
  <testcase name="* загружена страница &quot;MortgageCalculator&quot;" classname="Сценарий: Расчет ипотеки" time="0"/>
  <testcase name="* проверяю, что элемент &quot;Заголовок первого уровня&quot; содержит текст &quot;Ипотечный калькулятор&quot;" classname="Сценарий: Расчет ипотеки" time="0"/>
  <testcase name="* выпадающий список &quot;Город&quot; заполняется значением &quot;Москва&quot;" classname="Сценарий: Расчет ипотеки" time="0"/>
  <testcase name="* выполнено нажатие на &quot;Знаю свою ипотечную программу&quot;" classname="Сценарий: Расчет ипотеки" time="0"/>
  <testcase name="* выпадающий список &quot;Вид ипотечной программы&quot; заполняется значением &quot;Квартира на вторичном рынке&quot;" classname="Сценарий: Расчет ипотеки" time="0"/>
  <testcase name="* выпадающий список &quot;Я являюсь&quot; заполняется значением &quot;Новый клиент&quot;" classname="Сценарий: Расчет ипотеки" time="0"/>
  <testcase name="* выпадающий список &quot;Уровень доходов подтверждаю&quot; заполняется значением &quot;Справка по форме Банка&quot;" classname="Сценарий: Расчет ипотеки" time="0"/>
  <testcase name="* поле &quot;В банке возьму&quot; заполняется значением &quot;3000000&quot;" classname="Сценарий: Расчет ипотеки" time="0"/>
  <testcase name="* поле &quot;Первоначальный взнос&quot; заполняется значением &quot;3500000&quot;" classname="Сценарий: Расчет ипотеки" time="0"/>
  <testcase name="* поле &quot;Срок кредита&quot; заполняется значением &quot;10&quot;" classname="Сценарий: Расчет ипотеки" time="0"/>
  <testcase name="* выполнено нажатие на &quot;Рассчитать&quot;" classname="Сценарий: Расчет ипотеки" time="0"/>
  <testcase name="* проверяю, что элемент &quot;Ежемесячный платеж&quot; содержит текст &quot;40 656.67 руб.&quot;" classname="Сценарий: Расчет ипотеки" time="0.008">
    <failure message="expected:&lt;[40 656.67] руб.&gt; but was:&lt;[27 430.68] руб.&gt;" type="org.junit.ComparisonFailure"><![CDATA[org.junit.ComparisonFailure: expected:<[40 656.67] руб.> but was:<[27 430.68] руб.>
]]></failure>
  </testcase>
  <testcase name="Сценарий: Расчет ипотеки" classname="Сценарий: Расчет ипотеки" time="0.008">
    <failure message="expected:&lt;[40 656.67] руб.&gt; but was:&lt;[27 430.68] руб.&gt;" type="org.junit.ComparisonFailure"><![CDATA[org.junit.ComparisonFailure: expected:<[40 656.67] руб.> but was:<[27 430.68] руб.>
]]></failure>
  </testcase>
  <testcase name="* проверяю, что элемент &quot;Общая сумма выплат&quot; содержит текст &quot;4 789 131.05 руб.&quot;" classname="Сценарий: Расчет ипотеки" time="0">
    <skipped/>
  </testcase>
  <testcase name="* проверяю, что элемент &quot;Cумма выплат по процентам&quot; содержит текст &quot;1 789 131.05 руб.&quot;" classname="Сценарий: Расчет ипотеки" time="0">
    <skipped/>
  </testcase>
  <testcase name="* проверяю, что элемент &quot;Процентная ставка&quot; содержит текст &quot;10.25 %&quot;" classname="Сценарий: Расчет ипотеки" time="0">
    <skipped/>
  </testcase>
</testsuite>